# JRE version: OpenJDK Runtime Environment (8.0_212-b04) (build 1.8.0_212-release-1586-b04)
# Java VM: OpenJDK 64-Bit Server VM (25.212-b04 mixed mode windows-amd64 compressed oops)
Heap:
 PSYoungGen      total 239616K, used 160726K [0x00000000e0000000, 0x00000000f0000000, 0x0000000100000000)
  eden space 220672K, 72% used [0x00000000e0000000,0x00000000e9cf5a58,0x00000000ed780000)
  from space 18944K, 0% used [0x00000000ee980000,0x00000000ee980000,0x00000000efc00000)
  to   space 18432K, 0% used [0x00000000ed780000,0x00000000ed780000,0x00000000ee980000)
 ParOldGen       total 116736K, used 37259K [0x00000000a0000000, 0x00000000a7200000, 0x00000000e0000000)
  object space 116736K, 31% used [0x00000000a0000000,0x00000000a2462ec0,0x00000000a7200000)
 Metaspace       used 64684K, capacity 67332K, committed 67416K, reserved 1107968K
  class space    used 8652K, capacity 9280K, committed 9344K, reserved 1048576K
GC Heap History (10 events):
Event: 7.572 GC heap before
{Heap before GC invocations=11 (full 2):
 PSYoungGen      total 125952K, used 10528K [0x00000000e0000000, 0x00000000eb800000, 0x0000000100000000)
  eden space 115200K, 0% used [0x00000000e0000000,0x00000000e0000000,0x00000000e7080000)
  from space 10752K, 97% used [0x00000000e7080000,0x00000000e7ac8230,0x00000000e7b00000)
  to   space 11776K, 0% used [0x00000000eac80000,0x00000000eac80000,0x00000000eb800000)
 ParOldGen       total 51712K, used 7483K [0x00000000a0000000, 0x00000000a3280000, 0x00000000e0000000)
  object space 51712K, 14% used [0x00000000a0000000,0x00000000a074ed50,0x00000000a3280000)
 Metaspace       used 34670K, capacity 35326K, committed 35416K, reserved 1079296K
  class space    used 4762K, capacity 4973K, committed 4992K, reserved 1048576K
Event: 7.603 GC heap after
Heap after GC invocations=11 (full 2):
 PSYoungGen      total 125952K, used 0K [0x00000000e0000000, 0x00000000eb800000, 0x0000000100000000)
  eden space 115200K, 0% used [0x00000000e0000000,0x00000000e0000000,0x00000000e7080000)
  from space 10752K, 0% used [0x00000000e7080000,0x00000000e7080000,0x00000000e7b00000)
  to   space 11776K, 0% used [0x00000000eac80000,0x00000000eac80000,0x00000000eb800000)
 ParOldGen       total 73728K, used 17071K [0x00000000a0000000, 0x00000000a4800000, 0x00000000e0000000)
  object space 73728K, 23% used [0x00000000a0000000,0x00000000a10abcc0,0x00000000a4800000)
 Metaspace       used 34632K, capacity 35200K, committed 35416K, reserved 1079296K
  class space    used 4750K, capacity 4952K, committed 4992K, reserved 1048576K
}
Event: 9.074 GC heap before
{Heap before GC invocations=12 (full 2):
 PSYoungGen      total 125952K, used 115200K [0x00000000e0000000, 0x00000000eb800000, 0x0000000100000000)
  eden space 115200K, 100% used [0x00000000e0000000,0x00000000e7080000,0x00000000e7080000)
  from space 10752K, 0% used [0x00000000e7080000,0x00000000e7080000,0x00000000e7b00000)
  to   space 11776K, 0% used [0x00000000eac80000,0x00000000eac80000,0x00000000eb800000)
 ParOldGen       total 73728K, used 17071K [0x00000000a0000000, 0x00000000a4800000, 0x00000000e0000000)
  object space 73728K, 23% used [0x00000000a0000000,0x00000000a10abcc0,0x00000000a4800000)
 Metaspace       used 44564K, capacity 45330K, committed 45400K, reserved 1089536K
  class space    used 5980K, capacity 6255K, committed 6272K, reserved 1048576K
Event: 9.086 GC heap after
Heap after GC invocations=12 (full 2):
 PSYoungGen      total 172032K, used 11745K [0x00000000e0000000, 0x00000000eb800000, 0x0000000100000000)
  eden space 160256K, 0% used [0x00000000e0000000,0x00000000e0000000,0x00000000e9c80000)
  from space 11776K, 99% used [0x00000000eac80000,0x00000000eb7f86d0,0x00000000eb800000)
  to   space 13824K, 0% used [0x00000000e9d00000,0x00000000e9d00000,0x00000000eaa80000)
 ParOldGen       total 73728K, used 19438K [0x00000000a0000000, 0x00000000a4800000, 0x00000000e0000000)
  object space 73728K, 26% used [0x00000000a0000000,0x00000000a12fbab8,0x00000000a4800000)
 Metaspace       used 44564K, capacity 45330K, committed 45400K, reserved 1089536K
  class space    used 5980K, capacity 6255K, committed 6272K, reserved 1048576K
}
Event: 11.050 GC heap before
{Heap before GC invocations=13 (full 2):
 PSYoungGen      total 172032K, used 172001K [0x00000000e0000000, 0x00000000eb800000, 0x0000000100000000)
  eden space 160256K, 100% used [0x00000000e0000000,0x00000000e9c80000,0x00000000e9c80000)
  from space 11776K, 99% used [0x00000000eac80000,0x00000000eb7f86d0,0x00000000eb800000)
  to   space 13824K, 0% used [0x00000000e9d00000,0x00000000e9d00000,0x00000000eaa80000)
 ParOldGen       total 73728K, used 19438K [0x00000000a0000000, 0x00000000a4800000, 0x00000000e0000000)
  object space 73728K, 26% used [0x00000000a0000000,0x00000000a12fbab8,0x00000000a4800000)
 Metaspace       used 52669K, capacity 54088K, committed 54232K, reserved 1095680K
  class space    used 7197K, capacity 7622K, committed 7680K, reserved 1048576K
Event: 11.068 GC heap after
Heap after GC invocations=13 (full 2):
 PSYoungGen      total 174592K, used 13793K [0x00000000e0000000, 0x00000000efc00000, 0x0000000100000000)
  eden space 160768K, 0% used [0x00000000e0000000,0x00000000e0000000,0x00000000e9d00000)
  from space 13824K, 99% used [0x00000000e9d00000,0x00000000eaa78490,0x00000000eaa80000)
  to   space 18944K, 0% used [0x00000000ee980000,0x00000000ee980000,0x00000000efc00000)
 ParOldGen       total 73728K, used 29002K [0x00000000a0000000, 0x00000000a4800000, 0x00000000e0000000)
  object space 73728K, 39% used [0x00000000a0000000,0x00000000a1c52a80,0x00000000a4800000)
 Metaspace       used 52669K, capacity 54088K, committed 54232K, reserved 1095680K
  class space    used 7197K, capacity 7622K, committed 7680K, reserved 1048576K
}
Event: 11.791 GC heap before
{Heap before GC invocations=14 (full 2):
 PSYoungGen      total 174592K, used 83760K [0x00000000e0000000, 0x00000000efc00000, 0x0000000100000000)
  eden space 160768K, 43% used [0x00000000e0000000,0x00000000e4453cf0,0x00000000e9d00000)
  from space 13824K, 99% used [0x00000000e9d00000,0x00000000eaa78490,0x00000000eaa80000)
  to   space 18944K, 0% used [0x00000000ee980000,0x00000000ee980000,0x00000000efc00000)
 ParOldGen       total 73728K, used 29002K [0x00000000a0000000, 0x00000000a4800000, 0x00000000e0000000)
  object space 73728K, 39% used [0x00000000a0000000,0x00000000a1c52a80,0x00000000a4800000)
 Metaspace       used 57366K, capacity 58902K, committed 58968K, reserved 1099776K
  class space    used 7869K, capacity 8316K, committed 8320K, reserved 1048576K
Event: 11.811 GC heap after
Heap after GC invocations=14 (full 2):
 PSYoungGen      total 239616K, used 6739K [0x00000000e0000000, 0x00000000f0000000, 0x0000000100000000)
  eden space 220672K, 0% used [0x00000000e0000000,0x00000000e0000000,0x00000000ed780000)
  from space 18944K, 35% used [0x00000000ee980000,0x00000000ef014ff8,0x00000000efc00000)
  to   space 18432K, 0% used [0x00000000ed780000,0x00000000ed780000,0x00000000ee980000)
 ParOldGen       total 73728K, used 39072K [0x00000000a0000000, 0x00000000a4800000, 0x00000000e0000000)
  object space 73728K, 52% used [0x00000000a0000000,0x00000000a2628300,0x00000000a4800000)
 Metaspace       used 57366K, capacity 58902K, committed 58968K, reserved 1099776K
  class space    used 7869K, capacity 8316K, committed 8320K, reserved 1048576K
}
Event: 11.811 GC heap before
{Heap before GC invocations=15 (full 3):
 PSYoungGen      total 239616K, used 6739K [0x00000000e0000000, 0x00000000f0000000, 0x0000000100000000)
  eden space 220672K, 0% used [0x00000000e0000000,0x00000000e0000000,0x00000000ed780000)
  from space 18944K, 35% used [0x00000000ee980000,0x00000000ef014ff8,0x00000000efc00000)
  to   space 18432K, 0% used [0x00000000ed780000,0x00000000ed780000,0x00000000ee980000)
 ParOldGen       total 73728K, used 39072K [0x00000000a0000000, 0x00000000a4800000, 0x00000000e0000000)
  object space 73728K, 52% used [0x00000000a0000000,0x00000000a2628300,0x00000000a4800000)
 Metaspace       used 57366K, capacity 58902K, committed 58968K, reserved 1099776K
  class space    used 7869K, capacity 8316K, committed 8320K, reserved 1048576K
Event: 12.003 GC heap after
Heap after GC invocations=15 (full 3):
 PSYoungGen      total 239616K, used 0K [0x00000000e0000000, 0x00000000f0000000, 0x0000000100000000)
  eden space 220672K, 0% used [0x00000000e0000000,0x00000000e0000000,0x00000000ed780000)
  from space 18944K, 0% used [0x00000000ee980000,0x00000000ee980000,0x00000000efc00000)
  to   space 18432K, 0% used [0x00000000ed780000,0x00000000ed780000,0x00000000ee980000)
 ParOldGen       total 116736K, used 37259K [0x00000000a0000000, 0x00000000a7200000, 0x00000000e0000000)
  object space 116736K, 31% used [0x00000000a0000000,0x00000000a2462ec0,0x00000000a7200000)
 Metaspace       used 57366K, capacity 58902K, committed 58968K, reserved 1099776K
  class space    used 7869K, capacity 8316K, committed 8320K, reserved 1048576K
}

