# JRE version: OpenJDK Runtime Environment (8.0_212-b04) (build 1.8.0_212-release-1586-b04)
# Java VM: OpenJDK 64-Bit Server VM (25.212-b04 mixed mode windows-amd64 compressed oops)
Heap:
 PSYoungGen      total 200704K, used 73506K [0x00000000e0000000, 0x00000000f0c00000, 0x0000000100000000)
  eden space 143360K, 37% used [0x00000000e0000000,0x00000000e33f6b88,0x00000000e8c00000)
  from space 57344K, 35% used [0x00000000e8c00000,0x00000000e9fd1d48,0x00000000ec400000)
  to   space 53760K, 0% used [0x00000000ed780000,0x00000000ed780000,0x00000000f0c00000)
 ParOldGen       total 269312K, used 107779K [0x00000000a0000000, 0x00000000b0700000, 0x00000000e0000000)
  object space 269312K, 40% used [0x00000000a0000000,0x00000000a6940e68,0x00000000b0700000)
 Metaspace       used 67816K, capacity 70260K, committed 71256K, reserved 1110016K
  class space    used 9043K, capacity 9673K, committed 9856K, reserved 1048576K
GC Heap History (10 events):
Event: 40.143 GC heap before
{Heap before GC invocations=19 (full 3):
 PSYoungGen      total 134144K, used 119296K [0x00000000e0000000, 0x00000000eaf00000, 0x0000000100000000)
  eden space 119296K, 100% used [0x00000000e0000000,0x00000000e7480000,0x00000000e7480000)
  from space 14848K, 0% used [0x00000000e7480000,0x00000000e7480000,0x00000000e8300000)
  to   space 15872K, 0% used [0x00000000e9f80000,0x00000000e9f80000,0x00000000eaf00000)
 ParOldGen       total 141824K, used 36887K [0x00000000a0000000, 0x00000000a8a80000, 0x00000000e0000000)
  object space 141824K, 26% used [0x00000000a0000000,0x00000000a2405da8,0x00000000a8a80000)
 Metaspace       used 62241K, capacity 64974K, committed 65240K, reserved 1105920K
  class space    used 8597K, capacity 9193K, committed 9216K, reserved 1048576K
Event: 40.280 GC heap after
Heap after GC invocations=19 (full 3):
 PSYoungGen      total 150016K, used 10296K [0x00000000e0000000, 0x00000000eaa00000, 0x0000000100000000)
  eden space 139264K, 0% used [0x00000000e0000000,0x00000000e0000000,0x00000000e8800000)
  from space 10752K, 95% used [0x00000000e9f80000,0x00000000ea98e030,0x00000000eaa00000)
  to   space 15872K, 0% used [0x00000000e8b00000,0x00000000e8b00000,0x00000000e9a80000)
 ParOldGen       total 141824K, used 36895K [0x00000000a0000000, 0x00000000a8a80000, 0x00000000e0000000)
  object space 141824K, 26% used [0x00000000a0000000,0x00000000a2407da8,0x00000000a8a80000)
 Metaspace       used 62241K, capacity 64974K, committed 65240K, reserved 1105920K
  class space    used 8597K, capacity 9193K, committed 9216K, reserved 1048576K
}
Event: 41.353 GC heap before
{Heap before GC invocations=20 (full 3):
 PSYoungGen      total 150016K, used 149028K [0x00000000e0000000, 0x00000000eaa00000, 0x0000000100000000)
  eden space 139264K, 99% used [0x00000000e0000000,0x00000000e877b298,0x00000000e8800000)
  from space 10752K, 95% used [0x00000000e9f80000,0x00000000ea98e030,0x00000000eaa00000)
  to   space 15872K, 0% used [0x00000000e8b00000,0x00000000e8b00000,0x00000000e9a80000)
 ParOldGen       total 141824K, used 36895K [0x00000000a0000000, 0x00000000a8a80000, 0x00000000e0000000)
  object space 141824K, 26% used [0x00000000a0000000,0x00000000a2407da8,0x00000000a8a80000)
 Metaspace       used 63636K, capacity 66492K, committed 66776K, reserved 1105920K
  class space    used 8805K, capacity 9418K, committed 9472K, reserved 1048576K
Event: 41.384 GC heap after
Heap after GC invocations=20 (full 3):
 PSYoungGen      total 158208K, used 15846K [0x00000000e0000000, 0x00000000eec80000, 0x0000000100000000)
  eden space 142336K, 0% used [0x00000000e0000000,0x00000000e0000000,0x00000000e8b00000)
  from space 15872K, 99% used [0x00000000e8b00000,0x00000000e9a799b8,0x00000000e9a80000)
  to   space 41472K, 0% used [0x00000000ec400000,0x00000000ec400000,0x00000000eec80000)
 ParOldGen       total 141824K, used 99971K [0x00000000a0000000, 0x00000000a8a80000, 0x00000000e0000000)
  object space 141824K, 70% used [0x00000000a0000000,0x00000000a61a0dc0,0x00000000a8a80000)
 Metaspace       used 63636K, capacity 66492K, committed 66776K, reserved 1105920K
  class space    used 8805K, capacity 9418K, committed 9472K, reserved 1048576K
}
Event: 41.849 GC heap before
{Heap before GC invocations=21 (full 3):
 PSYoungGen      total 158208K, used 156250K [0x00000000e0000000, 0x00000000eec80000, 0x0000000100000000)
  eden space 142336K, 98% used [0x00000000e0000000,0x00000000e891d1e8,0x00000000e8b00000)
  from space 15872K, 99% used [0x00000000e8b00000,0x00000000e9a799b8,0x00000000e9a80000)
  to   space 41472K, 0% used [0x00000000ec400000,0x00000000ec400000,0x00000000eec80000)
 ParOldGen       total 141824K, used 108163K [0x00000000a0000000, 0x00000000a8a80000, 0x00000000e0000000)
  object space 141824K, 76% used [0x00000000a0000000,0x00000000a69a0dd0,0x00000000a8a80000)
 Metaspace       used 63683K, capacity 66510K, committed 66776K, reserved 1105920K
  class space    used 8811K, capacity 9423K, committed 9472K, reserved 1048576K
Event: 41.882 GC heap after
Heap after GC invocations=21 (full 3):
 PSYoungGen      total 184832K, used 41468K [0x00000000e0000000, 0x00000000f1800000, 0x0000000100000000)
  eden space 143360K, 0% used [0x00000000e0000000,0x00000000e0000000,0x00000000e8c00000)
  from space 41472K, 99% used [0x00000000ec400000,0x00000000eec7f318,0x00000000eec80000)
  to   space 57344K, 0% used [0x00000000e8c00000,0x00000000e8c00000,0x00000000ec400000)
 ParOldGen       total 141824K, used 131967K [0x00000000a0000000, 0x00000000a8a80000, 0x00000000e0000000)
  object space 141824K, 93% used [0x00000000a0000000,0x00000000a80dfe40,0x00000000a8a80000)
 Metaspace       used 63683K, capacity 66510K, committed 66776K, reserved 1105920K
  class space    used 8811K, capacity 9423K, committed 9472K, reserved 1048576K
}
Event: 41.882 GC heap before
{Heap before GC invocations=22 (full 4):
 PSYoungGen      total 184832K, used 41468K [0x00000000e0000000, 0x00000000f1800000, 0x0000000100000000)
  eden space 143360K, 0% used [0x00000000e0000000,0x00000000e0000000,0x00000000e8c00000)
  from space 41472K, 99% used [0x00000000ec400000,0x00000000eec7f318,0x00000000eec80000)
  to   space 57344K, 0% used [0x00000000e8c00000,0x00000000e8c00000,0x00000000ec400000)
 ParOldGen       total 141824K, used 131967K [0x00000000a0000000, 0x00000000a8a80000, 0x00000000e0000000)
  object space 141824K, 93% used [0x00000000a0000000,0x00000000a80dfe40,0x00000000a8a80000)
 Metaspace       used 63683K, capacity 66510K, committed 66776K, reserved 1105920K
  class space    used 8811K, capacity 9423K, committed 9472K, reserved 1048576K
Event: 43.200 GC heap after
Heap after GC invocations=22 (full 4):
 PSYoungGen      total 184832K, used 0K [0x00000000e0000000, 0x00000000f1800000, 0x0000000100000000)
  eden space 143360K, 0% used [0x00000000e0000000,0x00000000e0000000,0x00000000e8c00000)
  from space 41472K, 0% used [0x00000000ec400000,0x00000000ec400000,0x00000000eec80000)
  to   space 57344K, 0% used [0x00000000e8c00000,0x00000000e8c00000,0x00000000ec400000)
 ParOldGen       total 269312K, used 107759K [0x00000000a0000000, 0x00000000b0700000, 0x00000000e0000000)
  object space 269312K, 40% used [0x00000000a0000000,0x00000000a693bf28,0x00000000b0700000)
 Metaspace       used 63346K, capacity 65536K, committed 66776K, reserved 1105920K
  class space    used 8708K, capacity 9240K, committed 9472K, reserved 1048576K
}
Event: 47.224 GC heap before
{Heap before GC invocations=23 (full 4):
 PSYoungGen      total 184832K, used 143360K [0x00000000e0000000, 0x00000000f1800000, 0x0000000100000000)
  eden space 143360K, 100% used [0x00000000e0000000,0x00000000e8c00000,0x00000000e8c00000)
  from space 41472K, 0% used [0x00000000ec400000,0x00000000ec400000,0x00000000eec80000)
  to   space 57344K, 0% used [0x00000000e8c00000,0x00000000e8c00000,0x00000000ec400000)
 ParOldGen       total 269312K, used 107771K [0x00000000a0000000, 0x00000000b0700000, 0x00000000e0000000)
  object space 269312K, 40% used [0x00000000a0000000,0x00000000a693ee68,0x00000000b0700000)
 Metaspace       used 66825K, capacity 69190K, committed 70232K, reserved 1110016K
  class space    used 9013K, capacity 9618K, committed 9856K, reserved 1048576K
Event: 47.254 GC heap after
Heap after GC invocations=23 (full 4):
 PSYoungGen      total 200704K, used 20295K [0x00000000e0000000, 0x00000000f0c00000, 0x0000000100000000)
  eden space 143360K, 0% used [0x00000000e0000000,0x00000000e0000000,0x00000000e8c00000)
  from space 57344K, 35% used [0x00000000e8c00000,0x00000000e9fd1d48,0x00000000ec400000)
  to   space 53760K, 0% used [0x00000000ed780000,0x00000000ed780000,0x00000000f0c00000)
 ParOldGen       total 269312K, used 107779K [0x00000000a0000000, 0x00000000b0700000, 0x00000000e0000000)
  object space 269312K, 40% used [0x00000000a0000000,0x00000000a6940e68,0x00000000b0700000)
 Metaspace       used 66825K, capacity 69190K, committed 70232K, reserved 1110016K
  class space    used 9013K, capacity 9618K, committed 9856K, reserved 1048576K
}

